\BOOKMARK [1][]{section.1}{\376\377\000I\000n\000t\000r\000o\000d\000u\000c\000t\000i\000o\000n}{}% 1
\BOOKMARK [1][]{section.2}{\376\377\000L\000i\000t\000e\000r\000a\000t\000u\000r\000e\000\040\000R\000e\000v\000i\000e\000w}{}% 2
\BOOKMARK [2][]{subsection.2.1}{\376\377\000F\000o\000u\000n\000d\000a\000t\000i\000o\000n\000a\000l\000\040\000W\000o\000r\000k\000\040\000a\000n\000d\000\040\000H\000i\000s\000t\000o\000r\000i\000c\000a\000l\000\040\000C\000o\000n\000t\000e\000x\000t}{section.2}% 3
\BOOKMARK [2][]{subsection.2.2}{\376\377\000M\000a\000t\000h\000e\000m\000a\000t\000i\000c\000a\000l\000\040\000M\000o\000d\000e\000l\000s\000\040\000a\000n\000d\000\040\000P\000r\000o\000b\000l\000e\000m\000\040\000F\000o\000r\000m\000u\000l\000a\000t\000i\000o\000n\000s}{section.2}% 4
\BOOKMARK [2][]{subsection.2.3}{\376\377\000S\000o\000l\000u\000t\000i\000o\000n\000\040\000M\000e\000t\000h\000o\000d\000o\000l\000o\000g\000i\000e\000s\000:\000\040\000E\000x\000a\000c\000t\000\040\000a\000n\000d\000\040\000H\000e\000u\000r\000i\000s\000t\000i\000c\000\040\000A\000p\000p\000r\000o\000a\000c\000h\000e\000s}{section.2}% 5
\BOOKMARK [2][]{subsection.2.4}{\376\377\000E\000u\000r\000o\000p\000e\000a\000n\000\040\000R\000e\000g\000u\000l\000a\000t\000i\000o\000n\000s\000\040\000i\000n\000\040\000M\000a\000t\000h\000e\000m\000a\000t\000i\000c\000a\000l\000\040\000M\000o\000d\000e\000l\000s}{section.2}% 6
\BOOKMARK [2][]{subsection.2.5}{\376\377\000R\000e\000c\000e\000n\000t\000\040\000A\000d\000v\000a\000n\000c\000e\000s\000\040\000a\000n\000d\000\040\000C\000u\000r\000r\000e\000n\000t\000\040\000G\000a\000p\000s}{section.2}% 7
\BOOKMARK [1][]{section.3}{\376\377\000M\000e\000t\000h\000o\000d\000o\000l\000o\000g\000y}{}% 8
\BOOKMARK [2][]{subsection.3.1}{\376\377\000M\000a\000t\000h\000e\000m\000a\000t\000i\000c\000a\000l\000\040\000F\000o\000r\000m\000u\000l\000a\000t\000i\000o\000n}{section.3}% 9
\BOOKMARK [3][]{subsubsection.3.1.1}{\376\377\000S\000e\000t\000s\000\040\000a\000n\000d\000\040\000I\000n\000d\000i\000c\000e\000s}{subsection.3.1}% 10
\BOOKMARK [3][]{subsubsection.3.1.2}{\376\377\000P\000a\000r\000a\000m\000e\000t\000e\000r\000s}{subsection.3.1}% 11
\BOOKMARK [3][]{subsubsection.3.1.3}{\376\377\000D\000e\000c\000i\000s\000i\000o\000n\000\040\000V\000a\000r\000i\000a\000b\000l\000e\000s}{subsection.3.1}% 12
\BOOKMARK [3][]{subsubsection.3.1.4}{\376\377\000O\000b\000j\000e\000c\000t\000i\000v\000e\000\040\000F\000u\000n\000c\000t\000i\000o\000n\000\040\000a\000n\000d\000\040\000L\000e\000x\000i\000c\000o\000g\000r\000a\000p\000h\000i\000c\000\040\000O\000p\000t\000i\000m\000i\000z\000a\000t\000i\000o\000n}{subsection.3.1}% 13
\BOOKMARK [2][]{subsection.3.2}{\376\377\000C\000o\000n\000s\000t\000r\000a\000i\000n\000t\000s}{section.3}% 14
\BOOKMARK [3][]{subsubsection.3.2.1}{\376\377\000S\000h\000i\000f\000t\000\040\000C\000o\000n\000t\000i\000n\000u\000i\000t\000y\000\040\000C\000o\000n\000s\000t\000r\000a\000i\000n\000t\000s}{subsection.3.2}% 15
\BOOKMARK [3][]{subsubsection.3.2.2}{\376\377\000D\000e\000m\000a\000n\000d\000\040\000C\000o\000v\000e\000r\000a\000g\000e\000\040\000C\000o\000n\000s\000t\000r\000a\000i\000n\000t\000s}{subsection.3.2}% 16
\BOOKMARK [3][]{subsubsection.3.2.3}{\376\377\000L\000i\000n\000k\000a\000g\000e\000\040\000a\000n\000d\000\040\000C\000o\000n\000s\000i\000s\000t\000e\000n\000c\000y\000\040\000C\000o\000n\000s\000t\000r\000a\000i\000n\000t\000s}{subsection.3.2}% 17
\BOOKMARK [3][]{subsubsection.3.2.4}{\376\377\000D\000a\000i\000l\000y\000\040\000D\000r\000i\000v\000i\000n\000g\000\040\000L\000i\000m\000i\000t\000s\000\040\000\050\000A\000r\000t\000i\000c\000l\000e\000\040\0007\000\040\000o\000f\000\040\000R\000e\000g\000u\000l\000a\000t\000i\000o\000n\000\040\0005\0006\0001\000/\0002\0000\0000\0006\000\051}{subsection.3.2}% 18
\BOOKMARK [3][]{subsubsection.3.2.5}{\376\377\000C\000o\000n\000t\000i\000n\000u\000o\000u\000s\000\040\000D\000r\000i\000v\000i\000n\000g\000\040\000a\000n\000d\000\040\000B\000r\000e\000a\000k\000\040\000R\000e\000q\000u\000i\000r\000e\000m\000e\000n\000t\000s\000\040\000\050\000A\000r\000t\000i\000c\000l\000e\000\040\0008\000\051}{subsection.3.2}% 19
\BOOKMARK [3][]{subsubsection.3.2.6}{\376\377\000D\000a\000i\000l\000y\000\040\000R\000e\000s\000t\000\040\000R\000e\000q\000u\000i\000r\000e\000m\000e\000n\000t\000s\000\040\000\050\000A\000r\000t\000i\000c\000l\000e\000\040\0008\000\051}{subsection.3.2}% 20
\BOOKMARK [3][]{subsubsection.3.2.7}{\376\377\000W\000e\000e\000k\000l\000y\000\040\000R\000e\000s\000t\000\040\000R\000e\000q\000u\000i\000r\000e\000m\000e\000n\000t\000s\000\040\000\050\000A\000r\000t\000i\000c\000l\000e\000\040\0008\000\051}{subsection.3.2}% 21
\BOOKMARK [3][]{subsubsection.3.2.8}{\376\377\000C\000u\000m\000u\000l\000a\000t\000i\000v\000e\000\040\000D\000r\000i\000v\000i\000n\000g\000\040\000L\000i\000m\000i\000t\000s\000\040\000\050\000A\000r\000t\000i\000c\000l\000e\000s\000\040\0006\000\040\000a\000n\000d\000\040\0008\000\051}{subsection.3.2}% 22
\BOOKMARK [2][]{subsection.3.3}{\376\377\000C\000o\000n\000s\000t\000r\000u\000c\000t\000i\000v\000e\000\040\000G\000r\000e\000e\000d\000y\000\040\000H\000e\000u\000r\000i\000s\000t\000i\000c}{section.3}% 23
\BOOKMARK [2][]{subsection.3.4}{\376\377\000H\000y\000b\000r\000i\000d\000\040\000M\000a\000t\000h\000e\000u\000r\000i\000s\000t\000i\000c\000:\000\040\000L\000a\000r\000g\000e\000\040\000N\000e\000i\000g\000h\000b\000o\000r\000h\000o\000o\000d\000\040\000S\000e\000a\000r\000c\000h}{section.3}% 24
\BOOKMARK [3][]{subsubsection.3.4.1}{\376\377\000L\000N\000S\000\040\000F\000r\000a\000m\000e\000w\000o\000r\000k\000\040\000O\000v\000e\000r\000v\000i\000e\000w}{subsection.3.4}% 25
\BOOKMARK [3][]{subsubsection.3.4.2}{\376\377\000D\000e\000s\000t\000r\000o\000y\000\040\000O\000p\000e\000r\000a\000t\000o\000r\000s}{subsection.3.4}% 26
\BOOKMARK [3][]{subsubsection.3.4.3}{\376\377\000R\000e\000p\000a\000i\000r\000\040\000S\000t\000r\000a\000t\000e\000g\000y}{subsection.3.4}% 27
\BOOKMARK [3][]{subsubsection.3.4.4}{\376\377\000A\000c\000c\000e\000p\000t\000a\000n\000c\000e\000\040\000C\000r\000i\000t\000e\000r\000i\000a}{subsection.3.4}% 28
\BOOKMARK [3][]{subsubsection.3.4.5}{\376\377\000A\000d\000a\000p\000t\000i\000v\000e\000\040\000O\000p\000e\000r\000a\000t\000o\000r\000\040\000S\000e\000l\000e\000c\000t\000i\000o\000n}{subsection.3.4}% 29
\BOOKMARK [3][]{subsubsection.3.4.6}{\376\377\000C\000o\000m\000p\000u\000t\000a\000t\000i\000o\000n\000a\000l\000\040\000C\000o\000m\000p\000l\000e\000x\000i\000t\000y\000\040\000A\000n\000a\000l\000y\000s\000i\000s}{subsection.3.4}% 30
\BOOKMARK [2][]{subsection.3.5}{\376\377\000C\000o\000m\000p\000u\000t\000a\000t\000i\000o\000n\000a\000l\000\040\000I\000m\000p\000l\000e\000m\000e\000n\000t\000a\000t\000i\000o\000n}{section.3}% 31
\BOOKMARK [1][]{section.4}{\376\377\000R\000e\000s\000u\000l\000t\000s}{}% 32
\BOOKMARK [2][]{subsection.4.1}{\376\377\000E\000x\000p\000e\000r\000i\000m\000e\000n\000t\000a\000l\000\040\000S\000e\000t\000u\000p}{section.4}% 33
\BOOKMARK [2][]{subsection.4.2}{\376\377\000B\000e\000n\000c\000h\000m\000a\000r\000k\000\040\000P\000e\000r\000f\000o\000r\000m\000a\000n\000c\000e}{section.4}% 34
\BOOKMARK [2][]{subsection.4.3}{\376\377\000S\000c\000a\000l\000a\000b\000i\000l\000i\000t\000y\000\040\000A\000n\000a\000l\000y\000s\000i\000s\000\040\000a\000n\000d\000\040\000B\000a\000r\000r\000i\000e\000r\000\040\000I\000d\000e\000n\000t\000i\000f\000i\000c\000a\000t\000i\000o\000n}{section.4}% 35
\BOOKMARK [2][]{subsection.4.4}{\376\377\000S\000o\000l\000u\000t\000i\000o\000n\000\040\000Q\000u\000a\000l\000i\000t\000y\000\040\000a\000n\000d\000\040\000R\000e\000g\000u\000l\000a\000t\000o\000r\000y\000\040\000C\000o\000m\000p\000l\000i\000a\000n\000c\000e}{section.4}% 36
\BOOKMARK [2][]{subsection.4.5}{\376\377\000C\000o\000n\000v\000e\000r\000g\000e\000n\000c\000e\000\040\000B\000e\000h\000a\000v\000i\000o\000r\000\040\000o\000f\000\040\000L\000N\000S}{section.4}% 37
\BOOKMARK [2][]{subsection.4.6}{\376\377\000C\000o\000m\000p\000a\000r\000a\000t\000i\000v\000e\000\040\000A\000n\000a\000l\000y\000s\000i\000s\000\040\000w\000i\000t\000h\000\040\000L\000i\000t\000e\000r\000a\000t\000u\000r\000e}{section.4}% 38
\BOOKMARK [1][]{section.5}{\376\377\000D\000i\000s\000c\000u\000s\000s\000i\000o\000n}{}% 39
\BOOKMARK [2][]{subsection.5.1}{\376\377\000T\000h\000e\000\040\000S\000c\000a\000l\000a\000b\000i\000l\000i\000t\000y\000\040\000B\000a\000r\000r\000i\000e\000r\000:\000\040\000O\000r\000i\000g\000i\000n\000s\000\040\000a\000n\000d\000\040\000I\000m\000p\000l\000i\000c\000a\000t\000i\000o\000n\000s}{section.5}% 40
\BOOKMARK [2][]{subsection.5.2}{\376\377\000M\000a\000t\000h\000e\000u\000r\000i\000s\000t\000i\000c\000s\000\040\000a\000s\000\040\000a\000\040\000B\000r\000i\000d\000g\000e\000:\000\040\000B\000e\000n\000e\000f\000i\000t\000s\000\040\000a\000n\000d\000\040\000L\000i\000m\000i\000t\000a\000t\000i\000o\000n\000s}{section.5}% 41
\BOOKMARK [2][]{subsection.5.3}{\376\377\000P\000r\000a\000c\000t\000i\000c\000a\000l\000\040\000D\000e\000p\000l\000o\000y\000m\000e\000n\000t\000\040\000C\000o\000n\000s\000i\000d\000e\000r\000a\000t\000i\000o\000n\000s}{section.5}% 42
\BOOKMARK [2][]{subsection.5.4}{\376\377\000I\000m\000p\000l\000i\000c\000a\000t\000i\000o\000n\000s\000\040\000f\000o\000r\000\040\000F\000u\000t\000u\000r\000e\000\040\000T\000r\000a\000n\000s\000p\000o\000r\000t\000a\000t\000i\000o\000n\000\040\000S\000y\000s\000t\000e\000m\000s}{section.5}% 43
\BOOKMARK [1][]{section.6}{\376\377\000C\000o\000n\000c\000l\000u\000s\000i\000o\000n\000s}{}% 44
\BOOKMARK [2][]{subsection.6.1}{\376\377\000F\000u\000t\000u\000r\000e\000\040\000R\000e\000s\000e\000a\000r\000c\000h\000\040\000D\000i\000r\000e\000c\000t\000i\000o\000n\000s}{section.6}% 45
\BOOKMARK [1][]{section.7}{\376\377\000R\000e\000f\000e\000r\000e\000n\000c\000e\000s}{}% 46
